ERROR - 2026-03-06 02:39:54 --> Duplicate entry 'juan@email.com' for key 'email'
in SYSTEMPATH\Database\MySQLi\Connection.php on line 300.
 1 SYSTEMPATH\Database\MySQLi\Connection.php(300): mysqli->query('INSERT INTO `users` (`address`, `contact_number`, `email`, `first_name`, `last_name`, `middle_name`, `password`, `role`, `suffix`, `token`)
VALUES (\'Quezon City\',\'09123456789\',\'juan@email.com\',\'Juan\',\'Dela Cruz\',\'Santos\',\'$2y$10$y4juF0fJfGVkVCa4/OGJx.VI5tHGs0CKb.DEBTJMciVWiOoa4TG0i\',\'consumer\',NULL,NULL), (\'Manila\',\'09111111111\',\'maria@email.com\',\'Maria\',\'Reyes\',NULL,\'$2y$10$U5nDi4ozsqODrM0rlTBu1OHaySDPKmeZ.YM0GFB6CfXonqJePHSi.\',\'seller\',NULL,NULL), (\'Pasig\',\'09222222222\',\'pedro@email.com\',\'Pedro\',\'Garcia\',\'Lopez\',\'$2y$10$TbUxUQPRtc88bOtp6cqTpeoz9sQNrNmNOTYmgTd1s0sIoTaKMR.um\',\'consumer\',NULL,NULL), (\'Makati\',\'09333333333\',\'ana@email.com\',\'Ana\',\'Torres\',NULL,\'$2y$10$0zACVtNJnjrnL4mrOLtL5OCwu0Hk7Y51ldxe9HduBQdLZDm.GuFj2\',\'seller\',NULL,NULL), (\'Philippines\',\'09444444444\',\'admin@email.com\',\'Admin\',\'User\',NULL,\'$2y$10$/.UG7bdlfTzMgWLu5aN8I.5yTgQtvYk1iUXmoF4B0ZgSfj9IoZy7O\',\'admin\',NULL,NULL)', 0)
 2 SYSTEMPATH\Database\BaseConnection.php(769): CodeIgniter\Database\MySQLi\Connection->execute('INSERT INTO `users` (`address`, `contact_number`, `email`, `first_name`, `last_name`, `middle_name`, `password`, `role`, `suffix`, `token`)
VALUES (\'Quezon City\',\'09123456789\',\'juan@email.com\',\'Juan\',\'Dela Cruz\',\'Santos\',\'$2y$10$y4juF0fJfGVkVCa4/OGJx.VI5tHGs0CKb.DEBTJMciVWiOoa4TG0i\',\'consumer\',NULL,NULL), (\'Manila\',\'09111111111\',\'maria@email.com\',\'Maria\',\'Reyes\',NULL,\'$2y$10$U5nDi4ozsqODrM0rlTBu1OHaySDPKmeZ.YM0GFB6CfXonqJePHSi.\',\'seller\',NULL,NULL), (\'Pasig\',\'09222222222\',\'pedro@email.com\',\'Pedro\',\'Garcia\',\'Lopez\',\'$2y$10$TbUxUQPRtc88bOtp6cqTpeoz9sQNrNmNOTYmgTd1s0sIoTaKMR.um\',\'consumer\',NULL,NULL), (\'Makati\',\'09333333333\',\'ana@email.com\',\'Ana\',\'Torres\',NULL,\'$2y$10$0zACVtNJnjrnL4mrOLtL5OCwu0Hk7Y51ldxe9HduBQdLZDm.GuFj2\',\'seller\',NULL,NULL), (\'Philippines\',\'09444444444\',\'admin@email.com\',\'Admin\',\'User\',NULL,\'$2y$10$/.UG7bdlfTzMgWLu5aN8I.5yTgQtvYk1iUXmoF4B0ZgSfj9IoZy7O\',\'admin\',NULL,NULL)')
 3 SYSTEMPATH\Database\BaseConnection.php(686): CodeIgniter\Database\BaseConnection->simpleQuery('INSERT INTO `users` (`address`, `contact_number`, `email`, `first_name`, `last_name`, `middle_name`, `password`, `role`, `suffix`, `token`)
VALUES (\'Quezon City\',\'09123456789\',\'juan@email.com\',\'Juan\',\'Dela Cruz\',\'Santos\',\'$2y$10$y4juF0fJfGVkVCa4/OGJx.VI5tHGs0CKb.DEBTJMciVWiOoa4TG0i\',\'consumer\',NULL,NULL), (\'Manila\',\'09111111111\',\'maria@email.com\',\'Maria\',\'Reyes\',NULL,\'$2y$10$U5nDi4ozsqODrM0rlTBu1OHaySDPKmeZ.YM0GFB6CfXonqJePHSi.\',\'seller\',NULL,NULL), (\'Pasig\',\'09222222222\',\'pedro@email.com\',\'Pedro\',\'Garcia\',\'Lopez\',\'$2y$10$TbUxUQPRtc88bOtp6cqTpeoz9sQNrNmNOTYmgTd1s0sIoTaKMR.um\',\'consumer\',NULL,NULL), (\'Makati\',\'09333333333\',\'ana@email.com\',\'Ana\',\'Torres\',NULL,\'$2y$10$0zACVtNJnjrnL4mrOLtL5OCwu0Hk7Y51ldxe9HduBQdLZDm.GuFj2\',\'seller\',NULL,NULL), (\'Philippines\',\'09444444444\',\'admin@email.com\',\'Admin\',\'User\',NULL,\'$2y$10$/.UG7bdlfTzMgWLu5aN8I.5yTgQtvYk1iUXmoF4B0ZgSfj9IoZy7O\',\'admin\',NULL,NULL)')
 4 SYSTEMPATH\Database\BaseBuilder.php(1841): CodeIgniter\Database\BaseConnection->query('INSERT INTO `users` (`address`, `contact_number`, `email`, `first_name`, `last_name`, `middle_name`, `password`, `role`, `suffix`, `token`)
VALUES (\'Quezon City\',\'09123456789\',\'juan@email.com\',\'Juan\',\'Dela Cruz\',\'Santos\',\'$2y$10$y4juF0fJfGVkVCa4/OGJx.VI5tHGs0CKb.DEBTJMciVWiOoa4TG0i\',\'consumer\',NULL,NULL), (\'Manila\',\'09111111111\',\'maria@email.com\',\'Maria\',\'Reyes\',NULL,\'$2y$10$U5nDi4ozsqODrM0rlTBu1OHaySDPKmeZ.YM0GFB6CfXonqJePHSi.\',\'seller\',NULL,NULL), (\'Pasig\',\'09222222222\',\'pedro@email.com\',\'Pedro\',\'Garcia\',\'Lopez\',\'$2y$10$TbUxUQPRtc88bOtp6cqTpeoz9sQNrNmNOTYmgTd1s0sIoTaKMR.um\',\'consumer\',NULL,NULL), (\'Makati\',\'09333333333\',\'ana@email.com\',\'Ana\',\'Torres\',NULL,\'$2y$10$0zACVtNJnjrnL4mrOLtL5OCwu0Hk7Y51ldxe9HduBQdLZDm.GuFj2\',\'seller\',NULL,NULL), (\'Philippines\',\'09444444444\',\'admin@email.com\',\'Admin\',\'User\',NULL,\'$2y$10$/.UG7bdlfTzMgWLu5aN8I.5yTgQtvYk1iUXmoF4B0ZgSfj9IoZy7O\',\'admin\',NULL,NULL)', null, false)
 5 SYSTEMPATH\Database\BaseBuilder.php(2230): CodeIgniter\Database\BaseBuilder->batchExecute('_insertBatch', 100)
 6 APPPATH\Database\Seeds\DatabaseSeeder.php(77): CodeIgniter\Database\BaseBuilder->insertBatch([...])
 7 SYSTEMPATH\Database\Seeder.php(155): App\Database\Seeds\DatabaseSeeder->run()
 8 SYSTEMPATH\Commands\Database\Seed.php(79): CodeIgniter\Database\Seeder->call('App\\Database\\Seeds\\DatabaseSeeder')
 9 SYSTEMPATH\CLI\Commands.php(74): CodeIgniter\Commands\Database\Seed->run([])
10 SYSTEMPATH\CLI\Console.php(47): CodeIgniter\CLI\Commands->run('db:seed', [...])
11 SYSTEMPATH\Boot.php(442): CodeIgniter\CLI\Console->run()
12 SYSTEMPATH\Boot.php(166): CodeIgniter\Boot::runCommand(Object(CodeIgniter\CLI\Console))
13 ROOTPATH\spark(87): CodeIgniter\Boot::bootSpark(Object(Config\Paths))
ERROR - 2026-03-06 02:40:30 --> Duplicate entry 'juan@email.com' for key 'email'
in SYSTEMPATH\Database\MySQLi\Connection.php on line 300.
 1 SYSTEMPATH\Database\MySQLi\Connection.php(300): mysqli->query('INSERT INTO `users` (`address`, `contact_number`, `email`, `first_name`, `last_name`, `middle_name`, `password`, `role`, `suffix`, `token`)
VALUES (\'Quezon City\',\'09123456789\',\'juan@email.com\',\'Juan\',\'Dela Cruz\',\'Santos\',\'$2y$10$EYnhSmqZkY.ubdZysoA1r.CaeI3VWsJjw1C/DMizd41laDO8rsr8i\',\'consumer\',NULL,NULL), (\'Manila\',\'09111111111\',\'maria@email.com\',\'Maria\',\'Reyes\',NULL,\'$2y$10$vDz6CXtHjDGK0lQW/ChQy..ZkCmalYGWBxr7GPLSNDmrHUPCFm6Oy\',\'seller\',NULL,NULL), (\'Pasig\',\'09222222222\',\'pedro@email.com\',\'Pedro\',\'Garcia\',\'Lopez\',\'$2y$10$pDBlzARMc8EtBNbmgm3lJ.nRhfuTpZEKKKMP7/78FuFSH8zxiSnHy\',\'consumer\',NULL,NULL), (\'Makati\',\'09333333333\',\'ana@email.com\',\'Ana\',\'Torres\',NULL,\'$2y$10$xUEnffYdIgR9toBKEURnpOFWYu5XtAJ5eP3aj.i6DcBttvt1WRQfy\',\'seller\',NULL,NULL), (\'Philippines\',\'09444444444\',\'admin@email.com\',\'Admin\',\'User\',NULL,\'$2y$10$XgW6EPF2J2xEnv1fLHg9SO/2P8LfKAPv/jzolccowkJvEqaFwgFyO\',\'admin\',NULL,NULL)', 0)
 2 SYSTEMPATH\Database\BaseConnection.php(769): CodeIgniter\Database\MySQLi\Connection->execute('INSERT INTO `users` (`address`, `contact_number`, `email`, `first_name`, `last_name`, `middle_name`, `password`, `role`, `suffix`, `token`)
VALUES (\'Quezon City\',\'09123456789\',\'juan@email.com\',\'Juan\',\'Dela Cruz\',\'Santos\',\'$2y$10$EYnhSmqZkY.ubdZysoA1r.CaeI3VWsJjw1C/DMizd41laDO8rsr8i\',\'consumer\',NULL,NULL), (\'Manila\',\'09111111111\',\'maria@email.com\',\'Maria\',\'Reyes\',NULL,\'$2y$10$vDz6CXtHjDGK0lQW/ChQy..ZkCmalYGWBxr7GPLSNDmrHUPCFm6Oy\',\'seller\',NULL,NULL), (\'Pasig\',\'09222222222\',\'pedro@email.com\',\'Pedro\',\'Garcia\',\'Lopez\',\'$2y$10$pDBlzARMc8EtBNbmgm3lJ.nRhfuTpZEKKKMP7/78FuFSH8zxiSnHy\',\'consumer\',NULL,NULL), (\'Makati\',\'09333333333\',\'ana@email.com\',\'Ana\',\'Torres\',NULL,\'$2y$10$xUEnffYdIgR9toBKEURnpOFWYu5XtAJ5eP3aj.i6DcBttvt1WRQfy\',\'seller\',NULL,NULL), (\'Philippines\',\'09444444444\',\'admin@email.com\',\'Admin\',\'User\',NULL,\'$2y$10$XgW6EPF2J2xEnv1fLHg9SO/2P8LfKAPv/jzolccowkJvEqaFwgFyO\',\'admin\',NULL,NULL)')
 3 SYSTEMPATH\Database\BaseConnection.php(686): CodeIgniter\Database\BaseConnection->simpleQuery('INSERT INTO `users` (`address`, `contact_number`, `email`, `first_name`, `last_name`, `middle_name`, `password`, `role`, `suffix`, `token`)
VALUES (\'Quezon City\',\'09123456789\',\'juan@email.com\',\'Juan\',\'Dela Cruz\',\'Santos\',\'$2y$10$EYnhSmqZkY.ubdZysoA1r.CaeI3VWsJjw1C/DMizd41laDO8rsr8i\',\'consumer\',NULL,NULL), (\'Manila\',\'09111111111\',\'maria@email.com\',\'Maria\',\'Reyes\',NULL,\'$2y$10$vDz6CXtHjDGK0lQW/ChQy..ZkCmalYGWBxr7GPLSNDmrHUPCFm6Oy\',\'seller\',NULL,NULL), (\'Pasig\',\'09222222222\',\'pedro@email.com\',\'Pedro\',\'Garcia\',\'Lopez\',\'$2y$10$pDBlzARMc8EtBNbmgm3lJ.nRhfuTpZEKKKMP7/78FuFSH8zxiSnHy\',\'consumer\',NULL,NULL), (\'Makati\',\'09333333333\',\'ana@email.com\',\'Ana\',\'Torres\',NULL,\'$2y$10$xUEnffYdIgR9toBKEURnpOFWYu5XtAJ5eP3aj.i6DcBttvt1WRQfy\',\'seller\',NULL,NULL), (\'Philippines\',\'09444444444\',\'admin@email.com\',\'Admin\',\'User\',NULL,\'$2y$10$XgW6EPF2J2xEnv1fLHg9SO/2P8LfKAPv/jzolccowkJvEqaFwgFyO\',\'admin\',NULL,NULL)')
 4 SYSTEMPATH\Database\BaseBuilder.php(1841): CodeIgniter\Database\BaseConnection->query('INSERT INTO `users` (`address`, `contact_number`, `email`, `first_name`, `last_name`, `middle_name`, `password`, `role`, `suffix`, `token`)
VALUES (\'Quezon City\',\'09123456789\',\'juan@email.com\',\'Juan\',\'Dela Cruz\',\'Santos\',\'$2y$10$EYnhSmqZkY.ubdZysoA1r.CaeI3VWsJjw1C/DMizd41laDO8rsr8i\',\'consumer\',NULL,NULL), (\'Manila\',\'09111111111\',\'maria@email.com\',\'Maria\',\'Reyes\',NULL,\'$2y$10$vDz6CXtHjDGK0lQW/ChQy..ZkCmalYGWBxr7GPLSNDmrHUPCFm6Oy\',\'seller\',NULL,NULL), (\'Pasig\',\'09222222222\',\'pedro@email.com\',\'Pedro\',\'Garcia\',\'Lopez\',\'$2y$10$pDBlzARMc8EtBNbmgm3lJ.nRhfuTpZEKKKMP7/78FuFSH8zxiSnHy\',\'consumer\',NULL,NULL), (\'Makati\',\'09333333333\',\'ana@email.com\',\'Ana\',\'Torres\',NULL,\'$2y$10$xUEnffYdIgR9toBKEURnpOFWYu5XtAJ5eP3aj.i6DcBttvt1WRQfy\',\'seller\',NULL,NULL), (\'Philippines\',\'09444444444\',\'admin@email.com\',\'Admin\',\'User\',NULL,\'$2y$10$XgW6EPF2J2xEnv1fLHg9SO/2P8LfKAPv/jzolccowkJvEqaFwgFyO\',\'admin\',NULL,NULL)', null, false)
 5 SYSTEMPATH\Database\BaseBuilder.php(2230): CodeIgniter\Database\BaseBuilder->batchExecute('_insertBatch', 100)
 6 APPPATH\Database\Seeds\DatabaseSeeder.php(77): CodeIgniter\Database\BaseBuilder->insertBatch([...])
 7 SYSTEMPATH\Database\Seeder.php(155): App\Database\Seeds\DatabaseSeeder->run()
 8 SYSTEMPATH\Commands\Database\Seed.php(79): CodeIgniter\Database\Seeder->call('App\\Database\\Seeds\\DatabaseSeeder')
 9 SYSTEMPATH\CLI\Commands.php(74): CodeIgniter\Commands\Database\Seed->run([])
10 SYSTEMPATH\CLI\Console.php(47): CodeIgniter\CLI\Commands->run('db:seed', [...])
11 SYSTEMPATH\Boot.php(442): CodeIgniter\CLI\Console->run()
12 SYSTEMPATH\Boot.php(166): CodeIgniter\Boot::runCommand(Object(CodeIgniter\CLI\Console))
13 ROOTPATH\spark(87): CodeIgniter\Boot::bootSpark(Object(Config\Paths))
ERROR - 2026-03-06 02:40:48 --> Duplicate entry 'juan@email.com' for key 'email'
in SYSTEMPATH\Database\MySQLi\Connection.php on line 300.
 1 SYSTEMPATH\Database\MySQLi\Connection.php(300): mysqli->query('INSERT INTO `users` (`address`, `contact_number`, `email`, `first_name`, `last_name`, `middle_name`, `password`, `role`, `suffix`, `token`)
VALUES (\'Quezon City\',\'09123456789\',\'juan@email.com\',\'Juan\',\'Dela Cruz\',\'Santos\',\'$2y$10$AszjppGsMFCgZiOUHwLkq.0Qqhq8RaMhILXnhyeAYUnuIQZQrE1tK\',\'consumer\',NULL,NULL), (\'Manila\',\'09111111111\',\'maria@email.com\',\'Maria\',\'Reyes\',NULL,\'$2y$10$X0hwbLdp4PMGUT4lo7zgU.74wbk968ThczOGKpxDsh.fp/ZFn5hH6\',\'seller\',NULL,NULL), (\'Pasig\',\'09222222222\',\'pedro@email.com\',\'Pedro\',\'Garcia\',\'Lopez\',\'$2y$10$7/EPnbZAHfjXFSdcmue6becuUJ6UVoetPwcBlBLfPWopDQQwCHipm\',\'consumer\',NULL,NULL), (\'Makati\',\'09333333333\',\'ana@email.com\',\'Ana\',\'Torres\',NULL,\'$2y$10$HtGl2O7o9Q8B5.I8hy7Kd.yfGYniSDMlZmZGOTwcJc/gjxhm2m8N2\',\'seller\',NULL,NULL), (\'Philippines\',\'09444444444\',\'admin@email.com\',\'Admin\',\'User\',NULL,\'$2y$10$15V8R5wb4rXHvfSCoDOHN.aXRqrLzE1/WhCBAoLbWDuUQ7b83PIdO\',\'admin\',NULL,NULL)', 0)
 2 SYSTEMPATH\Database\BaseConnection.php(769): CodeIgniter\Database\MySQLi\Connection->execute('INSERT INTO `users` (`address`, `contact_number`, `email`, `first_name`, `last_name`, `middle_name`, `password`, `role`, `suffix`, `token`)
VALUES (\'Quezon City\',\'09123456789\',\'juan@email.com\',\'Juan\',\'Dela Cruz\',\'Santos\',\'$2y$10$AszjppGsMFCgZiOUHwLkq.0Qqhq8RaMhILXnhyeAYUnuIQZQrE1tK\',\'consumer\',NULL,NULL), (\'Manila\',\'09111111111\',\'maria@email.com\',\'Maria\',\'Reyes\',NULL,\'$2y$10$X0hwbLdp4PMGUT4lo7zgU.74wbk968ThczOGKpxDsh.fp/ZFn5hH6\',\'seller\',NULL,NULL), (\'Pasig\',\'09222222222\',\'pedro@email.com\',\'Pedro\',\'Garcia\',\'Lopez\',\'$2y$10$7/EPnbZAHfjXFSdcmue6becuUJ6UVoetPwcBlBLfPWopDQQwCHipm\',\'consumer\',NULL,NULL), (\'Makati\',\'09333333333\',\'ana@email.com\',\'Ana\',\'Torres\',NULL,\'$2y$10$HtGl2O7o9Q8B5.I8hy7Kd.yfGYniSDMlZmZGOTwcJc/gjxhm2m8N2\',\'seller\',NULL,NULL), (\'Philippines\',\'09444444444\',\'admin@email.com\',\'Admin\',\'User\',NULL,\'$2y$10$15V8R5wb4rXHvfSCoDOHN.aXRqrLzE1/WhCBAoLbWDuUQ7b83PIdO\',\'admin\',NULL,NULL)')
 3 SYSTEMPATH\Database\BaseConnection.php(686): CodeIgniter\Database\BaseConnection->simpleQuery('INSERT INTO `users` (`address`, `contact_number`, `email`, `first_name`, `last_name`, `middle_name`, `password`, `role`, `suffix`, `token`)
VALUES (\'Quezon City\',\'09123456789\',\'juan@email.com\',\'Juan\',\'Dela Cruz\',\'Santos\',\'$2y$10$AszjppGsMFCgZiOUHwLkq.0Qqhq8RaMhILXnhyeAYUnuIQZQrE1tK\',\'consumer\',NULL,NULL), (\'Manila\',\'09111111111\',\'maria@email.com\',\'Maria\',\'Reyes\',NULL,\'$2y$10$X0hwbLdp4PMGUT4lo7zgU.74wbk968ThczOGKpxDsh.fp/ZFn5hH6\',\'seller\',NULL,NULL), (\'Pasig\',\'09222222222\',\'pedro@email.com\',\'Pedro\',\'Garcia\',\'Lopez\',\'$2y$10$7/EPnbZAHfjXFSdcmue6becuUJ6UVoetPwcBlBLfPWopDQQwCHipm\',\'consumer\',NULL,NULL), (\'Makati\',\'09333333333\',\'ana@email.com\',\'Ana\',\'Torres\',NULL,\'$2y$10$HtGl2O7o9Q8B5.I8hy7Kd.yfGYniSDMlZmZGOTwcJc/gjxhm2m8N2\',\'seller\',NULL,NULL), (\'Philippines\',\'09444444444\',\'admin@email.com\',\'Admin\',\'User\',NULL,\'$2y$10$15V8R5wb4rXHvfSCoDOHN.aXRqrLzE1/WhCBAoLbWDuUQ7b83PIdO\',\'admin\',NULL,NULL)')
 4 SYSTEMPATH\Database\BaseBuilder.php(1841): CodeIgniter\Database\BaseConnection->query('INSERT INTO `users` (`address`, `contact_number`, `email`, `first_name`, `last_name`, `middle_name`, `password`, `role`, `suffix`, `token`)
VALUES (\'Quezon City\',\'09123456789\',\'juan@email.com\',\'Juan\',\'Dela Cruz\',\'Santos\',\'$2y$10$AszjppGsMFCgZiOUHwLkq.0Qqhq8RaMhILXnhyeAYUnuIQZQrE1tK\',\'consumer\',NULL,NULL), (\'Manila\',\'09111111111\',\'maria@email.com\',\'Maria\',\'Reyes\',NULL,\'$2y$10$X0hwbLdp4PMGUT4lo7zgU.74wbk968ThczOGKpxDsh.fp/ZFn5hH6\',\'seller\',NULL,NULL), (\'Pasig\',\'09222222222\',\'pedro@email.com\',\'Pedro\',\'Garcia\',\'Lopez\',\'$2y$10$7/EPnbZAHfjXFSdcmue6becuUJ6UVoetPwcBlBLfPWopDQQwCHipm\',\'consumer\',NULL,NULL), (\'Makati\',\'09333333333\',\'ana@email.com\',\'Ana\',\'Torres\',NULL,\'$2y$10$HtGl2O7o9Q8B5.I8hy7Kd.yfGYniSDMlZmZGOTwcJc/gjxhm2m8N2\',\'seller\',NULL,NULL), (\'Philippines\',\'09444444444\',\'admin@email.com\',\'Admin\',\'User\',NULL,\'$2y$10$15V8R5wb4rXHvfSCoDOHN.aXRqrLzE1/WhCBAoLbWDuUQ7b83PIdO\',\'admin\',NULL,NULL)', null, false)
 5 SYSTEMPATH\Database\BaseBuilder.php(2230): CodeIgniter\Database\BaseBuilder->batchExecute('_insertBatch', 100)
 6 APPPATH\Database\Seeds\DatabaseSeeder.php(77): CodeIgniter\Database\BaseBuilder->insertBatch([...])
 7 SYSTEMPATH\Database\Seeder.php(155): App\Database\Seeds\DatabaseSeeder->run()
 8 SYSTEMPATH\Commands\Database\Seed.php(79): CodeIgniter\Database\Seeder->call('App\\Database\\Seeds\\DatabaseSeeder')
 9 SYSTEMPATH\CLI\Commands.php(74): CodeIgniter\Commands\Database\Seed->run([])
10 SYSTEMPATH\CLI\Console.php(47): CodeIgniter\CLI\Commands->run('db:seed', [...])
11 SYSTEMPATH\Boot.php(442): CodeIgniter\CLI\Console->run()
12 SYSTEMPATH\Boot.php(166): CodeIgniter\Boot::runCommand(Object(CodeIgniter\CLI\Console))
13 ROOTPATH\spark(87): CodeIgniter\Boot::bootSpark(Object(Config\Paths))
ERROR - 2026-03-06 02:42:15 --> Duplicate entry 'juan@email.com' for key 'email'
in SYSTEMPATH\Database\MySQLi\Connection.php on line 300.
 1 SYSTEMPATH\Database\MySQLi\Connection.php(300): mysqli->query('INSERT INTO `users` (`address`, `contact_number`, `email`, `first_name`, `last_name`, `middle_name`, `password`, `role`, `suffix`, `token`)
VALUES (\'Quezon City\',\'09123456789\',\'juan@email.com\',\'Juan\',\'Dela Cruz\',\'Santos\',\'$2y$10$2jhtMfDvaL.3o93eBKAkaeyEIMi7GB7Umex88QQ0oDXrEr4jqVfwm\',\'consumer\',NULL,NULL), (\'Manila\',\'09111111111\',\'maria@email.com\',\'Maria\',\'Reyes\',NULL,\'$2y$10$As97qTgP.1OLrKVrc9yKl.iKyrbv002VyJEALsa3rRR4NTLST5QxO\',\'seller\',NULL,NULL), (\'Pasig\',\'09222222222\',\'pedro@email.com\',\'Pedro\',\'Garcia\',\'Lopez\',\'$2y$10$ZprOelQn5ElvCL/46fEXjeIfnomfnLFEmBkNOnOSBkD90Bue5pjVq\',\'consumer\',NULL,NULL), (\'Makati\',\'09333333333\',\'ana@email.com\',\'Ana\',\'Torres\',NULL,\'$2y$10$oxEcT1NNtvjX2GRQ39ENfuo8YKTXa9gxdrRjVgW.vaxuRcBpNSXh.\',\'seller\',NULL,NULL), (\'Philippines\',\'09444444444\',\'admin@email.com\',\'Admin\',\'User\',NULL,\'$2y$10$xZonanfpBlp4Wd2/Pr/gDeqiRGDOlx3M.U1E8qSlBQ5UXHXV./4hm\',\'admin\',NULL,NULL)', 0)
 2 SYSTEMPATH\Database\BaseConnection.php(769): CodeIgniter\Database\MySQLi\Connection->execute('INSERT INTO `users` (`address`, `contact_number`, `email`, `first_name`, `last_name`, `middle_name`, `password`, `role`, `suffix`, `token`)
VALUES (\'Quezon City\',\'09123456789\',\'juan@email.com\',\'Juan\',\'Dela Cruz\',\'Santos\',\'$2y$10$2jhtMfDvaL.3o93eBKAkaeyEIMi7GB7Umex88QQ0oDXrEr4jqVfwm\',\'consumer\',NULL,NULL), (\'Manila\',\'09111111111\',\'maria@email.com\',\'Maria\',\'Reyes\',NULL,\'$2y$10$As97qTgP.1OLrKVrc9yKl.iKyrbv002VyJEALsa3rRR4NTLST5QxO\',\'seller\',NULL,NULL), (\'Pasig\',\'09222222222\',\'pedro@email.com\',\'Pedro\',\'Garcia\',\'Lopez\',\'$2y$10$ZprOelQn5ElvCL/46fEXjeIfnomfnLFEmBkNOnOSBkD90Bue5pjVq\',\'consumer\',NULL,NULL), (\'Makati\',\'09333333333\',\'ana@email.com\',\'Ana\',\'Torres\',NULL,\'$2y$10$oxEcT1NNtvjX2GRQ39ENfuo8YKTXa9gxdrRjVgW.vaxuRcBpNSXh.\',\'seller\',NULL,NULL), (\'Philippines\',\'09444444444\',\'admin@email.com\',\'Admin\',\'User\',NULL,\'$2y$10$xZonanfpBlp4Wd2/Pr/gDeqiRGDOlx3M.U1E8qSlBQ5UXHXV./4hm\',\'admin\',NULL,NULL)')
 3 SYSTEMPATH\Database\BaseConnection.php(686): CodeIgniter\Database\BaseConnection->simpleQuery('INSERT INTO `users` (`address`, `contact_number`, `email`, `first_name`, `last_name`, `middle_name`, `password`, `role`, `suffix`, `token`)
VALUES (\'Quezon City\',\'09123456789\',\'juan@email.com\',\'Juan\',\'Dela Cruz\',\'Santos\',\'$2y$10$2jhtMfDvaL.3o93eBKAkaeyEIMi7GB7Umex88QQ0oDXrEr4jqVfwm\',\'consumer\',NULL,NULL), (\'Manila\',\'09111111111\',\'maria@email.com\',\'Maria\',\'Reyes\',NULL,\'$2y$10$As97qTgP.1OLrKVrc9yKl.iKyrbv002VyJEALsa3rRR4NTLST5QxO\',\'seller\',NULL,NULL), (\'Pasig\',\'09222222222\',\'pedro@email.com\',\'Pedro\',\'Garcia\',\'Lopez\',\'$2y$10$ZprOelQn5ElvCL/46fEXjeIfnomfnLFEmBkNOnOSBkD90Bue5pjVq\',\'consumer\',NULL,NULL), (\'Makati\',\'09333333333\',\'ana@email.com\',\'Ana\',\'Torres\',NULL,\'$2y$10$oxEcT1NNtvjX2GRQ39ENfuo8YKTXa9gxdrRjVgW.vaxuRcBpNSXh.\',\'seller\',NULL,NULL), (\'Philippines\',\'09444444444\',\'admin@email.com\',\'Admin\',\'User\',NULL,\'$2y$10$xZonanfpBlp4Wd2/Pr/gDeqiRGDOlx3M.U1E8qSlBQ5UXHXV./4hm\',\'admin\',NULL,NULL)')
 4 SYSTEMPATH\Database\BaseBuilder.php(1841): CodeIgniter\Database\BaseConnection->query('INSERT INTO `users` (`address`, `contact_number`, `email`, `first_name`, `last_name`, `middle_name`, `password`, `role`, `suffix`, `token`)
VALUES (\'Quezon City\',\'09123456789\',\'juan@email.com\',\'Juan\',\'Dela Cruz\',\'Santos\',\'$2y$10$2jhtMfDvaL.3o93eBKAkaeyEIMi7GB7Umex88QQ0oDXrEr4jqVfwm\',\'consumer\',NULL,NULL), (\'Manila\',\'09111111111\',\'maria@email.com\',\'Maria\',\'Reyes\',NULL,\'$2y$10$As97qTgP.1OLrKVrc9yKl.iKyrbv002VyJEALsa3rRR4NTLST5QxO\',\'seller\',NULL,NULL), (\'Pasig\',\'09222222222\',\'pedro@email.com\',\'Pedro\',\'Garcia\',\'Lopez\',\'$2y$10$ZprOelQn5ElvCL/46fEXjeIfnomfnLFEmBkNOnOSBkD90Bue5pjVq\',\'consumer\',NULL,NULL), (\'Makati\',\'09333333333\',\'ana@email.com\',\'Ana\',\'Torres\',NULL,\'$2y$10$oxEcT1NNtvjX2GRQ39ENfuo8YKTXa9gxdrRjVgW.vaxuRcBpNSXh.\',\'seller\',NULL,NULL), (\'Philippines\',\'09444444444\',\'admin@email.com\',\'Admin\',\'User\',NULL,\'$2y$10$xZonanfpBlp4Wd2/Pr/gDeqiRGDOlx3M.U1E8qSlBQ5UXHXV./4hm\',\'admin\',NULL,NULL)', null, false)
 5 SYSTEMPATH\Database\BaseBuilder.php(2230): CodeIgniter\Database\BaseBuilder->batchExecute('_insertBatch', 100)
 6 APPPATH\Database\Seeds\DatabaseSeeder.php(77): CodeIgniter\Database\BaseBuilder->insertBatch([...])
 7 SYSTEMPATH\Database\Seeder.php(155): App\Database\Seeds\DatabaseSeeder->run()
 8 SYSTEMPATH\Commands\Database\Seed.php(79): CodeIgniter\Database\Seeder->call('App\\Database\\Seeds\\DatabaseSeeder')
 9 SYSTEMPATH\CLI\Commands.php(74): CodeIgniter\Commands\Database\Seed->run([])
10 SYSTEMPATH\CLI\Console.php(47): CodeIgniter\CLI\Commands->run('db:seed', [...])
11 SYSTEMPATH\Boot.php(442): CodeIgniter\CLI\Console->run()
12 SYSTEMPATH\Boot.php(166): CodeIgniter\Boot::runCommand(Object(CodeIgniter\CLI\Console))
13 ROOTPATH\spark(87): CodeIgniter\Boot::bootSpark(Object(Config\Paths))
ERROR - 2026-03-06 02:44:58 --> Duplicate entry 'juan@email.com' for key 'email'
in SYSTEMPATH\Database\MySQLi\Connection.php on line 300.
 1 SYSTEMPATH\Database\MySQLi\Connection.php(300): mysqli->query('INSERT INTO `users` (`address`, `contact_number`, `email`, `first_name`, `last_name`, `middle_name`, `password`, `role`, `suffix`, `token`)
VALUES (\'Quezon City\',\'09123456789\',\'juan@email.com\',\'Juan\',\'Dela Cruz\',\'Santos\',\'$2y$10$QxSESXY.zP1X8sbAHwNgQuiyAzQNw7akXifO92La8zqOUQViuSMJ6\',\'consumer\',NULL,NULL), (\'Manila\',\'09111111111\',\'maria@email.com\',\'Maria\',\'Reyes\',NULL,\'$2y$10$UvSfRlc7h0BOIn/J4bFLbuIuTFlyFkEMgrT9iVq/83uSfQENMlfcS\',\'seller\',NULL,NULL), (\'Pasig\',\'09222222222\',\'pedro@email.com\',\'Pedro\',\'Garcia\',\'Lopez\',\'$2y$10$UY5PImnfXjxZ3N2BEoMaduElJodftF5c1qRw4gIFzq7sAEwC2saay\',\'consumer\',NULL,NULL), (\'Makati\',\'09333333333\',\'ana@email.com\',\'Ana\',\'Torres\',NULL,\'$2y$10$6FvFi/H/dC3Y0eEunYi.nevJsFpyyOmxxNk30V0PUGV74N3SbQNXK\',\'seller\',NULL,NULL), (\'Philippines\',\'09444444444\',\'admin@email.com\',\'Admin\',\'User\',NULL,\'$2y$10$jCmW0j9attkepvGZ4aD0/.AvvH5XRjM0oDnBtksVco1OZ5rxPbk8C\',\'admin\',NULL,NULL)', 0)
 2 SYSTEMPATH\Database\BaseConnection.php(769): CodeIgniter\Database\MySQLi\Connection->execute('INSERT INTO `users` (`address`, `contact_number`, `email`, `first_name`, `last_name`, `middle_name`, `password`, `role`, `suffix`, `token`)
VALUES (\'Quezon City\',\'09123456789\',\'juan@email.com\',\'Juan\',\'Dela Cruz\',\'Santos\',\'$2y$10$QxSESXY.zP1X8sbAHwNgQuiyAzQNw7akXifO92La8zqOUQViuSMJ6\',\'consumer\',NULL,NULL), (\'Manila\',\'09111111111\',\'maria@email.com\',\'Maria\',\'Reyes\',NULL,\'$2y$10$UvSfRlc7h0BOIn/J4bFLbuIuTFlyFkEMgrT9iVq/83uSfQENMlfcS\',\'seller\',NULL,NULL), (\'Pasig\',\'09222222222\',\'pedro@email.com\',\'Pedro\',\'Garcia\',\'Lopez\',\'$2y$10$UY5PImnfXjxZ3N2BEoMaduElJodftF5c1qRw4gIFzq7sAEwC2saay\',\'consumer\',NULL,NULL), (\'Makati\',\'09333333333\',\'ana@email.com\',\'Ana\',\'Torres\',NULL,\'$2y$10$6FvFi/H/dC3Y0eEunYi.nevJsFpyyOmxxNk30V0PUGV74N3SbQNXK\',\'seller\',NULL,NULL), (\'Philippines\',\'09444444444\',\'admin@email.com\',\'Admin\',\'User\',NULL,\'$2y$10$jCmW0j9attkepvGZ4aD0/.AvvH5XRjM0oDnBtksVco1OZ5rxPbk8C\',\'admin\',NULL,NULL)')
 3 SYSTEMPATH\Database\BaseConnection.php(686): CodeIgniter\Database\BaseConnection->simpleQuery('INSERT INTO `users` (`address`, `contact_number`, `email`, `first_name`, `last_name`, `middle_name`, `password`, `role`, `suffix`, `token`)
VALUES (\'Quezon City\',\'09123456789\',\'juan@email.com\',\'Juan\',\'Dela Cruz\',\'Santos\',\'$2y$10$QxSESXY.zP1X8sbAHwNgQuiyAzQNw7akXifO92La8zqOUQViuSMJ6\',\'consumer\',NULL,NULL), (\'Manila\',\'09111111111\',\'maria@email.com\',\'Maria\',\'Reyes\',NULL,\'$2y$10$UvSfRlc7h0BOIn/J4bFLbuIuTFlyFkEMgrT9iVq/83uSfQENMlfcS\',\'seller\',NULL,NULL), (\'Pasig\',\'09222222222\',\'pedro@email.com\',\'Pedro\',\'Garcia\',\'Lopez\',\'$2y$10$UY5PImnfXjxZ3N2BEoMaduElJodftF5c1qRw4gIFzq7sAEwC2saay\',\'consumer\',NULL,NULL), (\'Makati\',\'09333333333\',\'ana@email.com\',\'Ana\',\'Torres\',NULL,\'$2y$10$6FvFi/H/dC3Y0eEunYi.nevJsFpyyOmxxNk30V0PUGV74N3SbQNXK\',\'seller\',NULL,NULL), (\'Philippines\',\'09444444444\',\'admin@email.com\',\'Admin\',\'User\',NULL,\'$2y$10$jCmW0j9attkepvGZ4aD0/.AvvH5XRjM0oDnBtksVco1OZ5rxPbk8C\',\'admin\',NULL,NULL)')
 4 SYSTEMPATH\Database\BaseBuilder.php(1841): CodeIgniter\Database\BaseConnection->query('INSERT INTO `users` (`address`, `contact_number`, `email`, `first_name`, `last_name`, `middle_name`, `password`, `role`, `suffix`, `token`)
VALUES (\'Quezon City\',\'09123456789\',\'juan@email.com\',\'Juan\',\'Dela Cruz\',\'Santos\',\'$2y$10$QxSESXY.zP1X8sbAHwNgQuiyAzQNw7akXifO92La8zqOUQViuSMJ6\',\'consumer\',NULL,NULL), (\'Manila\',\'09111111111\',\'maria@email.com\',\'Maria\',\'Reyes\',NULL,\'$2y$10$UvSfRlc7h0BOIn/J4bFLbuIuTFlyFkEMgrT9iVq/83uSfQENMlfcS\',\'seller\',NULL,NULL), (\'Pasig\',\'09222222222\',\'pedro@email.com\',\'Pedro\',\'Garcia\',\'Lopez\',\'$2y$10$UY5PImnfXjxZ3N2BEoMaduElJodftF5c1qRw4gIFzq7sAEwC2saay\',\'consumer\',NULL,NULL), (\'Makati\',\'09333333333\',\'ana@email.com\',\'Ana\',\'Torres\',NULL,\'$2y$10$6FvFi/H/dC3Y0eEunYi.nevJsFpyyOmxxNk30V0PUGV74N3SbQNXK\',\'seller\',NULL,NULL), (\'Philippines\',\'09444444444\',\'admin@email.com\',\'Admin\',\'User\',NULL,\'$2y$10$jCmW0j9attkepvGZ4aD0/.AvvH5XRjM0oDnBtksVco1OZ5rxPbk8C\',\'admin\',NULL,NULL)', null, false)
 5 SYSTEMPATH\Database\BaseBuilder.php(2230): CodeIgniter\Database\BaseBuilder->batchExecute('_insertBatch', 100)
 6 APPPATH\Database\Seeds\DatabaseSeeder.php(77): CodeIgniter\Database\BaseBuilder->insertBatch([...])
 7 SYSTEMPATH\Database\Seeder.php(155): App\Database\Seeds\DatabaseSeeder->run()
 8 SYSTEMPATH\Commands\Database\Seed.php(79): CodeIgniter\Database\Seeder->call('App\\Database\\Seeds\\DatabaseSeeder')
 9 SYSTEMPATH\CLI\Commands.php(74): CodeIgniter\Commands\Database\Seed->run([])
10 SYSTEMPATH\CLI\Console.php(47): CodeIgniter\CLI\Commands->run('db:seed', [...])
11 SYSTEMPATH\Boot.php(442): CodeIgniter\CLI\Console->run()
12 SYSTEMPATH\Boot.php(166): CodeIgniter\Boot::runCommand(Object(CodeIgniter\CLI\Console))
13 ROOTPATH\spark(87): CodeIgniter\Boot::bootSpark(Object(Config\Paths))
ERROR - 2026-03-06 02:45:18 --> Cannot add or update a child row: a foreign key constraint fails (`solarsoil`.`carts`, CONSTRAINT `carts_ibfk_1` FOREIGN KEY (`user_id`) REFERENCES `users` (`user_id`) ON DELETE CASCADE)
in SYSTEMPATH\Database\MySQLi\Connection.php on line 300.
 1 SYSTEMPATH\Database\MySQLi\Connection.php(300): mysqli->query('INSERT INTO `carts` (`user_id`)
VALUES (1), (2), (3), (4), (5)', 0)
 2 SYSTEMPATH\Database\BaseConnection.php(769): CodeIgniter\Database\MySQLi\Connection->execute('INSERT INTO `carts` (`user_id`)
VALUES (1), (2), (3), (4), (5)')
 3 SYSTEMPATH\Database\BaseConnection.php(686): CodeIgniter\Database\BaseConnection->simpleQuery('INSERT INTO `carts` (`user_id`)
VALUES (1), (2), (3), (4), (5)')
 4 SYSTEMPATH\Database\BaseBuilder.php(1841): CodeIgniter\Database\BaseConnection->query('INSERT INTO `carts` (`user_id`)
VALUES (1), (2), (3), (4), (5)', null, false)
 5 SYSTEMPATH\Database\BaseBuilder.php(2230): CodeIgniter\Database\BaseBuilder->batchExecute('_insertBatch', 100)
 6 APPPATH\Database\Seeds\DatabaseSeeder.php(106): CodeIgniter\Database\BaseBuilder->insertBatch([...])
 7 SYSTEMPATH\Database\Seeder.php(155): App\Database\Seeds\DatabaseSeeder->run()
 8 SYSTEMPATH\Commands\Database\Seed.php(79): CodeIgniter\Database\Seeder->call('App\\Database\\Seeds\\DatabaseSeeder')
 9 SYSTEMPATH\CLI\Commands.php(74): CodeIgniter\Commands\Database\Seed->run([])
10 SYSTEMPATH\CLI\Console.php(47): CodeIgniter\CLI\Commands->run('db:seed', [...])
11 SYSTEMPATH\Boot.php(442): CodeIgniter\CLI\Console->run()
12 SYSTEMPATH\Boot.php(166): CodeIgniter\Boot::runCommand(Object(CodeIgniter\CLI\Console))
13 ROOTPATH\spark(87): CodeIgniter\Boot::bootSpark(Object(Config\Paths))
ERROR - 2026-03-06 02:47:04 --> Cannot truncate a table referenced in a foreign key constraint (`solarsoil`.`cart_items`, CONSTRAINT `cart_items_ibfk_1` FOREIGN KEY (`cart_id`) REFERENCES `solarsoil`.`carts` (`cart_id`))
in SYSTEMPATH\Database\MySQLi\Connection.php on line 300.
 1 SYSTEMPATH\Database\MySQLi\Connection.php(300): mysqli->query('TRUNCATE `carts`', 0)
 2 SYSTEMPATH\Database\BaseConnection.php(769): CodeIgniter\Database\MySQLi\Connection->execute('TRUNCATE `carts`')
 3 SYSTEMPATH\Database\BaseConnection.php(686): CodeIgniter\Database\BaseConnection->simpleQuery('TRUNCATE `carts`')
 4 SYSTEMPATH\Database\BaseBuilder.php(2773): CodeIgniter\Database\BaseConnection->query('TRUNCATE `carts`', null, false)
 5 APPPATH\Database\Seeds\DatabaseSeeder.php(16): CodeIgniter\Database\BaseBuilder->truncate()
 6 SYSTEMPATH\Database\Seeder.php(155): App\Database\Seeds\DatabaseSeeder->run()
 7 SYSTEMPATH\Commands\Database\Seed.php(79): CodeIgniter\Database\Seeder->call('App\\Database\\Seeds\\DatabaseSeeder')
 8 SYSTEMPATH\CLI\Commands.php(74): CodeIgniter\Commands\Database\Seed->run([])
 9 SYSTEMPATH\CLI\Console.php(47): CodeIgniter\CLI\Commands->run('db:seed', [...])
10 SYSTEMPATH\Boot.php(442): CodeIgniter\CLI\Console->run()
11 SYSTEMPATH\Boot.php(166): CodeIgniter\Boot::runCommand(Object(CodeIgniter\CLI\Console))
12 ROOTPATH\spark(87): CodeIgniter\Boot::bootSpark(Object(Config\Paths))
ERROR - 2026-03-06 02:48:11 --> Cannot truncate a table referenced in a foreign key constraint (`solarsoil`.`cart_items`, CONSTRAINT `cart_items_ibfk_1` FOREIGN KEY (`cart_id`) REFERENCES `solarsoil`.`carts` (`cart_id`))
in SYSTEMPATH\Database\MySQLi\Connection.php on line 300.
 1 SYSTEMPATH\Database\MySQLi\Connection.php(300): mysqli->query('TRUNCATE `carts`', 0)
 2 SYSTEMPATH\Database\BaseConnection.php(769): CodeIgniter\Database\MySQLi\Connection->execute('TRUNCATE `carts`')
 3 SYSTEMPATH\Database\BaseConnection.php(686): CodeIgniter\Database\BaseConnection->simpleQuery('TRUNCATE `carts`')
 4 SYSTEMPATH\Database\BaseBuilder.php(2773): CodeIgniter\Database\BaseConnection->query('TRUNCATE `carts`', null, false)
 5 APPPATH\Database\Seeds\DatabaseSeeder.php(16): CodeIgniter\Database\BaseBuilder->truncate()
 6 SYSTEMPATH\Database\Seeder.php(155): App\Database\Seeds\DatabaseSeeder->run()
 7 SYSTEMPATH\Commands\Database\Seed.php(79): CodeIgniter\Database\Seeder->call('App\\Database\\Seeds\\DatabaseSeeder')
 8 SYSTEMPATH\CLI\Commands.php(74): CodeIgniter\Commands\Database\Seed->run([])
 9 SYSTEMPATH\CLI\Console.php(47): CodeIgniter\CLI\Commands->run('db:seed', [...])
10 SYSTEMPATH\Boot.php(442): CodeIgniter\CLI\Console->run()
11 SYSTEMPATH\Boot.php(166): CodeIgniter\Boot::runCommand(Object(CodeIgniter\CLI\Console))
12 ROOTPATH\spark(87): CodeIgniter\Boot::bootSpark(Object(Config\Paths))
